Using pre-set license
Built from '2020.3/staging' branch; Version is '2020.3.11f1 (99c7afb366b3) revision 10078127'; Using compiler version '192528614'; Build Type 'Release'
OS: 'Windows 10 Pro; OS build 19042.985; Version 2009; 64bit' Language: 'en' Physical Memory: 8059 MB
BatchMode: 1, IsHumanControllingUs: 0, StartBugReporterOnCrash: 0, Is64bit: 1, IsPro: 0

 COMMAND LINE ARGUMENTS:
C:\Program Files\Unity\Hub\Editor\2020.3.4f1\Editor\Unity.exe
-adb2
-batchMode
-noUpm
-name
AssetImportWorker0
-projectPath
C:/Users/pbriu/Documents/CS_Test
-logFile
Logs/AssetImportWorker0.log
-srvPort
54286
Successfully changed project path to: C:/Users/pbriu/Documents/CS_Test
C:/Users/pbriu/Documents/CS_Test
Using Asset Import Pipeline V2.
Refreshing native plugins compatible for Editor in 33.00 ms, found 3 plugins.
Preloading 0 native plugins for Editor in 0.00 ms.
Initialize engine version: 2020.3.11f1 (99c7afb366b3)
[Subsystems] Discovering subsystems at path C:/Program Files/Unity/Hub/Editor/2020.3.4f1/Editor/Data/Resources/UnitySubsystems
[Subsystems] Discovering subsystems at path C:/Users/pbriu/Documents/CS_Test/Assets
GfxDevice: creating device client; threaded=0
Direct3D:
    Version:  Direct3D 11.0 [level 11.1]
    Renderer: NVIDIA GeForce RTX 2060 (ID=0x1f15)
    Vendor:   
    VRAM:     5980 MB
    Driver:   27.21.14.5256
Initialize mono
Mono path[0] = 'C:/Program Files/Unity/Hub/Editor/2020.3.4f1/Editor/Data/Managed'
Mono path[1] = 'C:/Program Files/Unity/Hub/Editor/2020.3.4f1/Editor/Data/MonoBleedingEdge/lib/mono/unityjit'
Mono config path = 'C:/Program Files/Unity/Hub/Editor/2020.3.4f1/Editor/Data/MonoBleedingEdge/etc'
Using monoOptions --debugger-agent=transport=dt_socket,embedding=1,server=y,suspend=n,address=127.0.0.1:56352
Begin MonoManager ReloadAssembly
Registering precompiled unity dll's ...
Register platform support module: C:/Program Files/Unity/Hub/Editor/2020.3.4f1/Editor/Data/PlaybackEngines/WindowsStandaloneSupport/UnityEditor.WindowsStandalone.Extensions.dll
Registered in 0.001413 seconds.
Native extension for WindowsStandalone target not found
Refreshing native plugins compatible for Editor in 33.59 ms, found 3 plugins.
Preloading 0 native plugins for Editor in 0.00 ms.
Mono: successfully reloaded assembly
- Completed reload, in  0.793 seconds
Platform modules already initialized, skipping
Registering precompiled user dll's ...
Registered in 0.003067 seconds.
Begin MonoManager ReloadAssembly
Native extension for WindowsStandalone target not found
Refreshing native plugins compatible for Editor in 31.55 ms, found 3 plugins.
Preloading 0 native plugins for Editor in 0.00 ms.
Mono: successfully reloaded assembly
- Completed reload, in  0.907 seconds
Platform modules already initialized, skipping
========================================================================
Worker process is ready to serve import requests
Launched and connected shader compiler UnityShaderCompiler.exe after 0.03 seconds
Refreshing native plugins compatible for Editor in 0.39 ms, found 3 plugins.
Preloading 0 native plugins for Editor in 0.00 ms.
Unloading 2081 Unused Serialized files (Serialized files now loaded: 0)
System memory in use before: 92.8 MB.
System memory in use after: 92.8 MB.

Unloading 33 unused Assets to reduce memory usage. Loaded Objects now: 2514.
Total: 3.434500 ms (FindLiveObjects: 0.459800 ms CreateObjectMapping: 0.266600 ms MarkObjects: 2.587800 ms  DeleteObjects: 0.119600 ms)

========================================================================
Received Import Request.
  path: Assets
  artifactKey: Guid(00000000000000001000000000000000) Importer(815301076,1909f56bfc062723c751e8b465ee728b)
Start importing Assets using Guid(00000000000000001000000000000000) Importer(815301076,1909f56bfc062723c751e8b465ee728b)  -> (artifact id: '42d402b061de3733987d63b9cc3b64de') in 0.009209 seconds
  Import took 0.013000 seconds .

========================================================================
Received Import Request.
  Time since last request: 2.997569 seconds.
  path: Assets/Scripts
  artifactKey: Guid(0137fa13345619c479ed6d82573b6572) Importer(815301076,1909f56bfc062723c751e8b465ee728b)
Start importing Assets/Scripts using Guid(0137fa13345619c479ed6d82573b6572) Importer(815301076,1909f56bfc062723c751e8b465ee728b)  -> (artifact id: 'c60c4d3709e89f91d43e85c23cd9a76c') in 0.008939 seconds
  Import took 0.012351 seconds .

========================================================================
Received Prepare
Registering precompiled user dll's ...
Registered in 0.002655 seconds.
Begin MonoManager ReloadAssembly
Native extension for WindowsStandalone target not found
Refreshing native plugins compatible for Editor in 0.38 ms, found 3 plugins.
Preloading 0 native plugins for Editor in 0.00 ms.
Mono: successfully reloaded assembly
- Completed reload, in  0.816 seconds
Platform modules already initialized, skipping
Refreshing native plugins compatible for Editor in 0.38 ms, found 3 plugins.
Preloading 0 native plugins for Editor in 0.00 ms.
Unloading 2076 Unused Serialized files (Serialized files now loaded: 0)
System memory in use before: 92.8 MB.
System memory in use after: 92.8 MB.

Unloading 21 unused Assets to reduce memory usage. Loaded Objects now: 2518.
Total: 1.956900 ms (FindLiveObjects: 0.165900 ms CreateObjectMapping: 0.069600 ms MarkObjects: 1.625100 ms  DeleteObjects: 0.095700 ms)

========================================================================
Received Import Request.
  Time since last request: 6.176103 seconds.
  path: Assets/Scripts/TestEvent.cs
  artifactKey: Guid(52923ee277740274aa740b7d24bb50a8) Importer(815301076,1909f56bfc062723c751e8b465ee728b)
Start importing Assets/Scripts/TestEvent.cs using Guid(52923ee277740274aa740b7d24bb50a8) Importer(815301076,1909f56bfc062723c751e8b465ee728b)  -> (artifact id: 'db31835eb170f52e920a1f602a41c37f') in 0.027151 seconds
  Import took 0.030975 seconds .

========================================================================
Received Prepare
Registering precompiled user dll's ...
Registered in 0.002923 seconds.
Begin MonoManager ReloadAssembly
Native extension for WindowsStandalone target not found
Refreshing native plugins compatible for Editor in 0.40 ms, found 3 plugins.
Preloading 0 native plugins for Editor in 0.00 ms.
Mono: successfully reloaded assembly
- Completed reload, in  0.849 seconds
Platform modules already initialized, skipping
Refreshing native plugins compatible for Editor in 0.38 ms, found 3 plugins.
Preloading 0 native plugins for Editor in 0.00 ms.
Unloading 2076 Unused Serialized files (Serialized files now loaded: 0)
System memory in use before: 92.8 MB.
System memory in use after: 92.8 MB.

Unloading 21 unused Assets to reduce memory usage. Loaded Objects now: 2522.
Total: 2.037100 ms (FindLiveObjects: 0.180400 ms CreateObjectMapping: 0.070700 ms MarkObjects: 1.684900 ms  DeleteObjects: 0.100400 ms)

========================================================================
Received Import Request.
  Time since last request: 131.783595 seconds.
  path: Assets/Scripts/TestEvent.cs
  artifactKey: Guid(52923ee277740274aa740b7d24bb50a8) Importer(815301076,1909f56bfc062723c751e8b465ee728b)
Start importing Assets/Scripts/TestEvent.cs using Guid(52923ee277740274aa740b7d24bb50a8) Importer(815301076,1909f56bfc062723c751e8b465ee728b)  -> (artifact id: '9ce0123c1aa9e6e537b277f829bab359') in 0.004781 seconds
  Import took 0.007867 seconds .

========================================================================
Received Prepare
Registering precompiled user dll's ...
Registered in 0.003016 seconds.
Begin MonoManager ReloadAssembly
Native extension for WindowsStandalone target not found
Refreshing native plugins compatible for Editor in 0.38 ms, found 3 plugins.
Preloading 0 native plugins for Editor in 0.00 ms.
Mono: successfully reloaded assembly
- Completed reload, in  0.813 seconds
Platform modules already initialized, skipping
Refreshing native plugins compatible for Editor in 0.88 ms, found 3 plugins.
Preloading 0 native plugins for Editor in 0.00 ms.
Unloading 2076 Unused Serialized files (Serialized files now loaded: 0)
System memory in use before: 92.9 MB.
System memory in use after: 92.8 MB.

Unloading 21 unused Assets to reduce memory usage. Loaded Objects now: 2526.
Total: 1.864700 ms (FindLiveObjects: 0.172200 ms CreateObjectMapping: 0.069200 ms MarkObjects: 1.525500 ms  DeleteObjects: 0.097100 ms)

========================================================================
Received Import Request.
  Time since last request: 169.884038 seconds.
  path: Assets/Scripts/TestEvent.cs
  artifactKey: Guid(52923ee277740274aa740b7d24bb50a8) Importer(815301076,1909f56bfc062723c751e8b465ee728b)
Start importing Assets/Scripts/TestEvent.cs using Guid(52923ee277740274aa740b7d24bb50a8) Importer(815301076,1909f56bfc062723c751e8b465ee728b)  -> (artifact id: 'c26ec055602ac53d813ba2cfd5eb9310') in 0.004292 seconds
  Import took 0.007513 seconds .

========================================================================
Received Prepare
Registering precompiled user dll's ...
Registered in 0.003851 seconds.
Begin MonoManager ReloadAssembly
Native extension for WindowsStandalone target not found
Refreshing native plugins compatible for Editor in 0.37 ms, found 3 plugins.
Preloading 0 native plugins for Editor in 0.00 ms.
Mono: successfully reloaded assembly
- Completed reload, in  0.800 seconds
Platform modules already initialized, skipping
Refreshing native plugins compatible for Editor in 0.39 ms, found 3 plugins.
Preloading 0 native plugins for Editor in 0.00 ms.
Unloading 2076 Unused Serialized files (Serialized files now loaded: 0)
System memory in use before: 92.9 MB.
System memory in use after: 92.9 MB.

Unloading 21 unused Assets to reduce memory usage. Loaded Objects now: 2530.
Total: 1.909900 ms (FindLiveObjects: 0.183800 ms CreateObjectMapping: 0.071600 ms MarkObjects: 1.572200 ms  DeleteObjects: 0.081400 ms)

========================================================================
Received Prepare
Registering precompiled user dll's ...
Registered in 0.002851 seconds.
Begin MonoManager ReloadAssembly
Native extension for WindowsStandalone target not found
Refreshing native plugins compatible for Editor in 0.38 ms, found 3 plugins.
Preloading 0 native plugins for Editor in 0.00 ms.
Mono: successfully reloaded assembly
- Completed reload, in  0.788 seconds
Platform modules already initialized, skipping
Refreshing native plugins compatible for Editor in 0.38 ms, found 3 plugins.
Preloading 0 native plugins for Editor in 0.00 ms.
Unloading 2076 Unused Serialized files (Serialized files now loaded: 0)
System memory in use before: 92.9 MB.
System memory in use after: 92.9 MB.

Unloading 21 unused Assets to reduce memory usage. Loaded Objects now: 2534.
Total: 1.998900 ms (FindLiveObjects: 0.168500 ms CreateObjectMapping: 0.067900 ms MarkObjects: 1.683800 ms  DeleteObjects: 0.078200 ms)

========================================================================
Received Import Request.
  Time since last request: 349.388704 seconds.
  path: Assets/Scripts/TestingEventSubcriber.cs
  artifactKey: Guid(cb1ec739a7fb4d84ca0518a3e67b4329) Importer(815301076,1909f56bfc062723c751e8b465ee728b)
Start importing Assets/Scripts/TestingEventSubcriber.cs using Guid(cb1ec739a7fb4d84ca0518a3e67b4329) Importer(815301076,1909f56bfc062723c751e8b465ee728b)  -> (artifact id: 'ba68012b130cda65463d475bfef524fa') in 0.013597 seconds
  Import took 0.016851 seconds .

========================================================================
Received Prepare
Registering precompiled user dll's ...
Registered in 0.003152 seconds.
Begin MonoManager ReloadAssembly
Native extension for WindowsStandalone target not found
Refreshing native plugins compatible for Editor in 1.92 ms, found 3 plugins.
Preloading 0 native plugins for Editor in 0.00 ms.
Mono: successfully reloaded assembly
- Completed reload, in  1.136 seconds
Platform modules already initialized, skipping
Refreshing native plugins compatible for Editor in 0.39 ms, found 3 plugins.
Preloading 0 native plugins for Editor in 0.00 ms.
Unloading 2077 Unused Serialized files (Serialized files now loaded: 0)
System memory in use before: 92.9 MB.
System memory in use after: 92.9 MB.

Unloading 21 unused Assets to reduce memory usage. Loaded Objects now: 2539.
Total: 2.078700 ms (FindLiveObjects: 0.199700 ms CreateObjectMapping: 0.084600 ms MarkObjects: 1.702500 ms  DeleteObjects: 0.091000 ms)

========================================================================
Received Prepare
Registering precompiled user dll's ...
Registered in 0.002814 seconds.
Begin MonoManager ReloadAssembly
Native extension for WindowsStandalone target not found
Refreshing native plugins compatible for Editor in 1.48 ms, found 3 plugins.
Preloading 0 native plugins for Editor in 0.00 ms.
Mono: successfully reloaded assembly
- Completed reload, in  1.251 seconds
Platform modules already initialized, skipping
Refreshing native plugins compatible for Editor in 0.38 ms, found 3 plugins.
Preloading 0 native plugins for Editor in 0.00 ms.
Unloading 2077 Unused Serialized files (Serialized files now loaded: 0)
System memory in use before: 92.9 MB.
System memory in use after: 92.9 MB.

Unloading 21 unused Assets to reduce memory usage. Loaded Objects now: 2543.
Total: 2.284400 ms (FindLiveObjects: 0.186100 ms CreateObjectMapping: 0.074900 ms MarkObjects: 1.888400 ms  DeleteObjects: 0.134100 ms)

========================================================================
Received Import Request.
  Time since last request: 212.602835 seconds.
  path: Assets/Scripts/TestingEventSubcriber.cs
  artifactKey: Guid(cb1ec739a7fb4d84ca0518a3e67b4329) Importer(815301076,1909f56bfc062723c751e8b465ee728b)
Start importing Assets/Scripts/TestingEventSubcriber.cs using Guid(cb1ec739a7fb4d84ca0518a3e67b4329) Importer(815301076,1909f56bfc062723c751e8b465ee728b)  -> (artifact id: '3344b06fdb936c2922394bfc8b9aa065') in 0.005303 seconds
  Import took 0.017659 seconds .

========================================================================
Received Prepare
Registering precompiled user dll's ...
Registered in 0.002790 seconds.
Begin MonoManager ReloadAssembly
Native extension for WindowsStandalone target not found
Refreshing native plugins compatible for Editor in 0.51 ms, found 3 plugins.
Preloading 0 native plugins for Editor in 0.00 ms.
Mono: successfully reloaded assembly
- Completed reload, in  0.820 seconds
Platform modules already initialized, skipping
Refreshing native plugins compatible for Editor in 0.42 ms, found 3 plugins.
Preloading 0 native plugins for Editor in 0.00 ms.
Unloading 2077 Unused Serialized files (Serialized files now loaded: 0)
System memory in use before: 92.9 MB.
System memory in use after: 92.9 MB.

Unloading 21 unused Assets to reduce memory usage. Loaded Objects now: 2547.
Total: 1.994700 ms (FindLiveObjects: 0.169900 ms CreateObjectMapping: 0.063500 ms MarkObjects: 1.632200 ms  DeleteObjects: 0.128400 ms)

========================================================================
Received Prepare
Registering precompiled user dll's ...
Registered in 0.004058 seconds.
Begin MonoManager ReloadAssembly
Native extension for WindowsStandalone target not found
Refreshing native plugins compatible for Editor in 0.37 ms, found 3 plugins.
Preloading 0 native plugins for Editor in 0.00 ms.
Mono: successfully reloaded assembly
- Completed reload, in  0.803 seconds
Platform modules already initialized, skipping
Refreshing native plugins compatible for Editor in 0.38 ms, found 3 plugins.
Preloading 0 native plugins for Editor in 0.00 ms.
Unloading 2077 Unused Serialized files (Serialized files now loaded: 0)
System memory in use before: 93.0 MB.
System memory in use after: 92.9 MB.

Unloading 21 unused Assets to reduce memory usage. Loaded Objects now: 2551.
Total: 1.947500 ms (FindLiveObjects: 0.162700 ms CreateObjectMapping: 0.064700 ms MarkObjects: 1.641000 ms  DeleteObjects: 0.078400 ms)

========================================================================
Received Import Request.
  Time since last request: 141.088111 seconds.
  path: Assets/Scripts/TestingEventSubcriber.cs
  artifactKey: Guid(cb1ec739a7fb4d84ca0518a3e67b4329) Importer(815301076,1909f56bfc062723c751e8b465ee728b)
Start importing Assets/Scripts/TestingEventSubcriber.cs using Guid(cb1ec739a7fb4d84ca0518a3e67b4329) Importer(815301076,1909f56bfc062723c751e8b465ee728b)  -> (artifact id: '63690170754a2d09655c09998fb424d9') in 0.004686 seconds
  Import took 0.008404 seconds .

========================================================================
Received Import Request.
  Time since last request: 0.030042 seconds.
  path: Assets/Scripts/TestingEventSubcriber.cs
  artifactKey: Guid(cb1ec739a7fb4d84ca0518a3e67b4329) Importer(815301076,1909f56bfc062723c751e8b465ee728b)
Start importing Assets/Scripts/TestingEventSubcriber.cs using Guid(cb1ec739a7fb4d84ca0518a3e67b4329) Importer(815301076,1909f56bfc062723c751e8b465ee728b)  -> (artifact id: '63690170754a2d09655c09998fb424d9') in 0.001974 seconds
  Import took 0.005276 seconds .

========================================================================
Received Prepare
Registering precompiled user dll's ...
Registered in 0.002747 seconds.
Begin MonoManager ReloadAssembly
Native extension for WindowsStandalone target not found
Refreshing native plugins compatible for Editor in 1.15 ms, found 3 plugins.
Preloading 0 native plugins for Editor in 0.00 ms.
Mono: successfully reloaded assembly
- Completed reload, in  0.809 seconds
Platform modules already initialized, skipping
Refreshing native plugins compatible for Editor in 0.38 ms, found 3 plugins.
Preloading 0 native plugins for Editor in 0.00 ms.
Unloading 2077 Unused Serialized files (Serialized files now loaded: 0)
System memory in use before: 93.0 MB.
System memory in use after: 92.9 MB.

Unloading 21 unused Assets to reduce memory usage. Loaded Objects now: 2555.
Total: 1.949900 ms (FindLiveObjects: 0.180400 ms CreateObjectMapping: 0.064300 ms MarkObjects: 1.624700 ms  DeleteObjects: 0.079900 ms)

========================================================================
Received Prepare
Registering precompiled user dll's ...
Registered in 0.002938 seconds.
Begin MonoManager ReloadAssembly
Native extension for WindowsStandalone target not found
Refreshing native plugins compatible for Editor in 0.38 ms, found 3 plugins.
Preloading 0 native plugins for Editor in 0.00 ms.
Mono: successfully reloaded assembly
- Completed reload, in  0.788 seconds
Platform modules already initialized, skipping
Refreshing native plugins compatible for Editor in 0.38 ms, found 3 plugins.
Preloading 0 native plugins for Editor in 0.00 ms.
Unloading 2077 Unused Serialized files (Serialized files now loaded: 0)
System memory in use before: 93.0 MB.
System memory in use after: 93.0 MB.

Unloading 21 unused Assets to reduce memory usage. Loaded Objects now: 2559.
Total: 1.894000 ms (FindLiveObjects: 0.177400 ms CreateObjectMapping: 0.071600 ms MarkObjects: 1.525700 ms  DeleteObjects: 0.118800 ms)

========================================================================
Received Prepare
Registering precompiled user dll's ...
Registered in 0.002741 seconds.
Begin MonoManager ReloadAssembly
Native extension for WindowsStandalone target not found
Refreshing native plugins compatible for Editor in 0.39 ms, found 3 plugins.
Preloading 0 native plugins for Editor in 0.00 ms.
Mono: successfully reloaded assembly
- Completed reload, in  0.858 seconds
Platform modules already initialized, skipping
Refreshing native plugins compatible for Editor in 0.38 ms, found 3 plugins.
Preloading 0 native plugins for Editor in 0.00 ms.
Unloading 2077 Unused Serialized files (Serialized files now loaded: 0)
System memory in use before: 93.0 MB.
System memory in use after: 93.0 MB.

Unloading 21 unused Assets to reduce memory usage. Loaded Objects now: 2563.
Total: 1.875500 ms (FindLiveObjects: 0.174800 ms CreateObjectMapping: 0.074400 ms MarkObjects: 1.543000 ms  DeleteObjects: 0.082600 ms)

========================================================================
Received Prepare
Registering precompiled user dll's ...
Registered in 0.002871 seconds.
Begin MonoManager ReloadAssembly
Native extension for WindowsStandalone target not found
Refreshing native plugins compatible for Editor in 0.38 ms, found 3 plugins.
Preloading 0 native plugins for Editor in 0.00 ms.
Mono: successfully reloaded assembly
- Completed reload, in  0.836 seconds
Platform modules already initialized, skipping
Refreshing native plugins compatible for Editor in 0.39 ms, found 3 plugins.
Preloading 0 native plugins for Editor in 0.00 ms.
Unloading 2077 Unused Serialized files (Serialized files now loaded: 0)
System memory in use before: 93.0 MB.
System memory in use after: 93.0 MB.

Unloading 21 unused Assets to reduce memory usage. Loaded Objects now: 2567.
Total: 2.005900 ms (FindLiveObjects: 0.170000 ms CreateObjectMapping: 0.077900 ms MarkObjects: 1.658300 ms  DeleteObjects: 0.098900 ms)

========================================================================
Received Import Request.
  Time since last request: 375.383101 seconds.
  path: Assets/Scripts/TestingEventSubcriber.cs
  artifactKey: Guid(cb1ec739a7fb4d84ca0518a3e67b4329) Importer(815301076,1909f56bfc062723c751e8b465ee728b)
Start importing Assets/Scripts/TestingEventSubcriber.cs using Guid(cb1ec739a7fb4d84ca0518a3e67b4329) Importer(815301076,1909f56bfc062723c751e8b465ee728b)  -> (artifact id: 'd5c7c53e99c1849339e558900f1bfd74') in 0.004203 seconds
  Import took 0.007572 seconds .

========================================================================
Received Prepare
Registering precompiled user dll's ...
Registered in 0.002789 seconds.
Begin MonoManager ReloadAssembly
Native extension for WindowsStandalone target not found
Refreshing native plugins compatible for Editor in 0.47 ms, found 3 plugins.
Preloading 0 native plugins for Editor in 0.00 ms.
Mono: successfully reloaded assembly
- Completed reload, in  0.822 seconds
Platform modules already initialized, skipping
Refreshing native plugins compatible for Editor in 0.39 ms, found 3 plugins.
Preloading 0 native plugins for Editor in 0.00 ms.
Unloading 2077 Unused Serialized files (Serialized files now loaded: 0)
System memory in use before: 93.0 MB.
System memory in use after: 93.0 MB.

Unloading 21 unused Assets to reduce memory usage. Loaded Objects now: 2571.
Total: 1.888500 ms (FindLiveObjects: 0.174500 ms CreateObjectMapping: 0.057500 ms MarkObjects: 1.535900 ms  DeleteObjects: 0.119900 ms)

========================================================================
Received Import Request.
  Time since last request: 34.452618 seconds.
  path: Assets/Scripts/TestingEventSubcriber.cs
  artifactKey: Guid(cb1ec739a7fb4d84ca0518a3e67b4329) Importer(815301076,1909f56bfc062723c751e8b465ee728b)
Start importing Assets/Scripts/TestingEventSubcriber.cs using Guid(cb1ec739a7fb4d84ca0518a3e67b4329) Importer(815301076,1909f56bfc062723c751e8b465ee728b)  -> (artifact id: 'd47854892845aa1d620af6e91e85e6e2') in 0.004541 seconds
  Import took 0.008453 seconds .

========================================================================
Received Import Request.
  Time since last request: 0.030262 seconds.
  path: Assets/Scripts/TestingEventSubcriber.cs
  artifactKey: Guid(cb1ec739a7fb4d84ca0518a3e67b4329) Importer(815301076,1909f56bfc062723c751e8b465ee728b)
Start importing Assets/Scripts/TestingEventSubcriber.cs using Guid(cb1ec739a7fb4d84ca0518a3e67b4329) Importer(815301076,1909f56bfc062723c751e8b465ee728b)  -> (artifact id: 'd47854892845aa1d620af6e91e85e6e2') in 0.002485 seconds
  Import took 0.005234 seconds .

========================================================================
Received Prepare
Registering precompiled user dll's ...
Registered in 0.003029 seconds.
Begin MonoManager ReloadAssembly
Native extension for WindowsStandalone target not found
Refreshing native plugins compatible for Editor in 0.38 ms, found 3 plugins.
Preloading 0 native plugins for Editor in 0.00 ms.
Mono: successfully reloaded assembly
- Completed reload, in  0.797 seconds
Platform modules already initialized, skipping
Refreshing native plugins compatible for Editor in 0.39 ms, found 3 plugins.
Preloading 0 native plugins for Editor in 0.00 ms.
Unloading 2077 Unused Serialized files (Serialized files now loaded: 0)
System memory in use before: 93.0 MB.
System memory in use after: 93.0 MB.

Unloading 21 unused Assets to reduce memory usage. Loaded Objects now: 2575.
Total: 2.028200 ms (FindLiveObjects: 0.166500 ms CreateObjectMapping: 0.062900 ms MarkObjects: 1.715700 ms  DeleteObjects: 0.082400 ms)

========================================================================
Received Prepare
Registering precompiled user dll's ...
Registered in 0.003104 seconds.
Begin MonoManager ReloadAssembly
Native extension for WindowsStandalone target not found
Refreshing native plugins compatible for Editor in 0.37 ms, found 3 plugins.
Preloading 0 native plugins for Editor in 0.00 ms.
Mono: successfully reloaded assembly
- Completed reload, in  0.797 seconds
Platform modules already initialized, skipping
Refreshing native plugins compatible for Editor in 0.38 ms, found 3 plugins.
Preloading 0 native plugins for Editor in 0.00 ms.
Unloading 2077 Unused Serialized files (Serialized files now loaded: 0)
System memory in use before: 93.0 MB.
System memory in use after: 93.0 MB.

Unloading 21 unused Assets to reduce memory usage. Loaded Objects now: 2579.
Total: 2.300200 ms (FindLiveObjects: 0.166800 ms CreateObjectMapping: 0.065500 ms MarkObjects: 1.979100 ms  DeleteObjects: 0.088100 ms)

AssetImportWorkerClient::OnTransportError - code=2 error=End of file
